0 info it worked if it ends with ok
1 verbose cli [ 'E:\\nodejs\\node.exe',
1 verbose cli   'E:\\nodejs\\node_modules\\npm\\bin\\npm-cli.js',
1 verbose cli   'run',
1 verbose cli   'build' ]
2 info using npm@3.10.10
3 info using node@v6.11.4
4 verbose run-script [ 'prebuild', 'build', 'postbuild' ]
5 info lifecycle react_website@1.0.0~prebuild: react_website@1.0.0
6 silly lifecycle react_website@1.0.0~prebuild: no script for prebuild, continuing
7 info lifecycle react_website@1.0.0~build: react_website@1.0.0
8 verbose lifecycle react_website@1.0.0~build: unsafe-perm in lifecycle true
9 verbose lifecycle react_website@1.0.0~build: PATH: E:\nodejs\node_modules\npm\bin\node-gyp-bin;E:\react_website\node_modules\.bin;E:\cmder\bin;E:\cmder\vendor\conemu-maximus5\ConEmu\Scripts;E:\cmder\vendor\conemu-maximus5;E:\cmder\vendor\conemu-maximus5\ConEmu;C:\ProgramData\Oracle\Java\javapath;C:\WINDOWS\system32;C:\WINDOWS;C:\WINDOWS\System32\Wbem;C:\WINDOWS\System32\WindowsPowerShell\v1.0\;C:\WINDOWS\system32;C:\WINDOWS;C:\WINDOWS\System32\Wbem;C:\WINDOWS\System32\WindowsPowerShell\v1.0\;C:\Program Files (x86)\GtkSharp\2.12\bin;E:\matlab\bin;C:\Program Files\Git\cmd;C:\Program Files (x86)\NVIDIA Corporation\PhysX\Common;C:\Program Files (x86)\Skype\Phone\;C:\Program Files\Microsoft SQL Server\130\Tools\Binn\;C:\Program Files\dotnet\;E:\nodejs\;C:\Users\Roberto\AppData\Roaming\Smilebox;C:\Users\Roberto\AppData\Local\Microsoft\WindowsApps;C:\Users\Roberto\AppData\Roaming\npm;C:\Program Files\Git\usr\bin;C:\Program Files\Git\usr\share\vim\vim74;E:\cmder\
10 verbose lifecycle react_website@1.0.0~build: CWD: E:\react_website
11 silly lifecycle react_website@1.0.0~build: Args: [ '/d /s /c', 'webpack' ]
12 silly lifecycle react_website@1.0.0~build: Returned: code: 4294967295  signal: null
13 info lifecycle react_website@1.0.0~build: Failed to exec build script
14 verbose stack Error: react_website@1.0.0 build: `webpack`
14 verbose stack Exit status 4294967295
14 verbose stack     at EventEmitter.<anonymous> (E:\nodejs\node_modules\npm\lib\utils\lifecycle.js:255:16)
14 verbose stack     at emitTwo (events.js:106:13)
14 verbose stack     at EventEmitter.emit (events.js:191:7)
14 verbose stack     at ChildProcess.<anonymous> (E:\nodejs\node_modules\npm\lib\utils\spawn.js:40:14)
14 verbose stack     at emitTwo (events.js:106:13)
14 verbose stack     at ChildProcess.emit (events.js:191:7)
14 verbose stack     at maybeClose (internal/child_process.js:920:16)
14 verbose stack     at Process.ChildProcess._handle.onexit (internal/child_process.js:230:5)
15 verbose pkgid react_website@1.0.0
16 verbose cwd E:\react_website\app
17 error Windows_NT 10.0.14393
18 error argv "E:\\nodejs\\node.exe" "E:\\nodejs\\node_modules\\npm\\bin\\npm-cli.js" "run" "build"
19 error node v6.11.4
20 error npm  v3.10.10
21 error code ELIFECYCLE
22 error react_website@1.0.0 build: `webpack`
22 error Exit status 4294967295
23 error Failed at the react_website@1.0.0 build script 'webpack'.
23 error Make sure you have the latest version of node.js and npm installed.
23 error If you do, this is most likely a problem with the react_website package,
23 error not with npm itself.
23 error Tell the author that this fails on your system:
23 error     webpack
23 error You can get information on how to open an issue for this project with:
23 error     npm bugs react_website
23 error Or if that isn't available, you can get their info via:
23 error     npm owner ls react_website
23 error There is likely additional logging output above.
24 verbose exit [ 1, true ]
